[debug] [2023-02-02T20:25:24.296Z] ----------------------------------------------------------------------
[debug] [2023-02-02T20:25:24.299Z] Command:       C:\Program Files\nodejs\node.exe C:\Program Files\nodejs\node_modules\firebase-tools\lib\bin\firebase.js functions:shell
[debug] [2023-02-02T20:25:24.299Z] CLI Version:   11.22.0
[debug] [2023-02-02T20:25:24.300Z] Platform:      win32
[debug] [2023-02-02T20:25:24.300Z] Node Version:  v16.14.0
[debug] [2023-02-02T20:25:24.301Z] Time:          Thu Feb 02 2023 21:25:24 GMT+0100 (Central European Standard Time)
[debug] [2023-02-02T20:25:24.301Z] ----------------------------------------------------------------------
[debug] 
[debug] [2023-02-02T20:25:24.386Z] > command requires scopes: ["email","openid","https://www.googleapis.com/auth/cloudplatformprojects.readonly","https://www.googleapis.com/auth/firebase","https://www.googleapis.com/auth/cloud-platform"]
[debug] [2023-02-02T20:25:24.387Z] > authorizing via signed-in user (lazar.joksimovic7@gmail.com)
[debug] [2023-02-02T20:25:24.387Z] [iam] checking project hranazaponeti for permissions ["firebase.projects.get"]
[debug] [2023-02-02T20:25:24.389Z] > refreshing access token with scopes: []
[debug] [2023-02-02T20:25:24.392Z] >>> [apiv2][query] POST https://www.googleapis.com/oauth2/v3/token [none]
[debug] [2023-02-02T20:25:24.392Z] >>> [apiv2][body] POST https://www.googleapis.com/oauth2/v3/token [omitted]
[debug] [2023-02-02T20:25:24.890Z] <<< [apiv2][status] POST https://www.googleapis.com/oauth2/v3/token 200
[debug] [2023-02-02T20:25:24.890Z] <<< [apiv2][body] POST https://www.googleapis.com/oauth2/v3/token [omitted]
[debug] [2023-02-02T20:25:24.906Z] >>> [apiv2][query] POST https://cloudresourcemanager.googleapis.com/v1/projects/hranazaponeti:testIamPermissions [none]
[debug] [2023-02-02T20:25:24.906Z] >>> [apiv2][(partial)header] POST https://cloudresourcemanager.googleapis.com/v1/projects/hranazaponeti:testIamPermissions x-goog-quota-user=projects/hranazaponeti
[debug] [2023-02-02T20:25:24.906Z] >>> [apiv2][body] POST https://cloudresourcemanager.googleapis.com/v1/projects/hranazaponeti:testIamPermissions {"permissions":["firebase.projects.get"]}
[debug] [2023-02-02T20:25:25.922Z] <<< [apiv2][status] POST https://cloudresourcemanager.googleapis.com/v1/projects/hranazaponeti:testIamPermissions 200
[debug] [2023-02-02T20:25:25.923Z] <<< [apiv2][body] POST https://cloudresourcemanager.googleapis.com/v1/projects/hranazaponeti:testIamPermissions {"permissions":["firebase.projects.get"]}
[debug] [2023-02-02T20:25:25.928Z] [functions] Functions Emulator only supports listening on one address (127.0.0.1). Not listening on ::1
[debug] [2023-02-02T20:25:25.930Z] defaultcredentials: writing to file C:\Users\abc\AppData\Roaming\firebase\lazar_joksimovic7_gmail.com_application_default_credentials.json
[debug] [2023-02-02T20:25:25.932Z] DEBUG: Setting GAC to C:\Users\abc\AppData\Roaming\firebase\lazar_joksimovic7_gmail.com_application_default_credentials.json
[debug] [2023-02-02T20:25:25.933Z] >>> [apiv2][query] GET https://firebase.googleapis.com/v1beta1/projects/hranazaponeti/adminSdkConfig [none]
